{"C:\\Users\\julio.wong\\Desktop\\test-indra\\src\\handler.js": {"path":"C:\\Users\\julio.wong\\Desktop\\test-indra\\src\\handler.js","statementMap":{"0":{"start":{"line":3,"column":26},"end":{"line":3,"column":47}},"1":{"start":{"line":4,"column":15},"end":{"line":4,"column":34}},"2":{"start":{"line":6,"column":0},"end":{"line":17,"column":2}},"3":{"start":{"line":7,"column":19},"end":{"line":7,"column":53}},"4":{"start":{"line":8,"column":19},"end":{"line":8,"column":56}},"5":{"start":{"line":9,"column":2},"end":{"line":16,"column":3}},"6":{"start":{"line":19,"column":0},"end":{"line":31,"column":2}},"7":{"start":{"line":20,"column":19},"end":{"line":20,"column":53}},"8":{"start":{"line":21,"column":19},"end":{"line":21,"column":63}},"9":{"start":{"line":23,"column":2},"end":{"line":30,"column":4}}},"fnMap":{"0":{"name":"(anonymous_0)","decl":{"start":{"line":6,"column":27},"end":{"line":6,"column":28}},"loc":{"start":{"line":6,"column":44},"end":{"line":17,"column":1}},"line":6},"1":{"name":"(anonymous_1)","decl":{"start":{"line":19,"column":27},"end":{"line":19,"column":28}},"loc":{"start":{"line":19,"column":44},"end":{"line":31,"column":1}},"line":19}},"branchMap":{"0":{"loc":{"start":{"line":7,"column":19},"end":{"line":7,"column":53}},"type":"binary-expr","locations":[{"start":{"line":7,"column":19},"end":{"line":7,"column":48}},{"start":{"line":7,"column":52},"end":{"line":7,"column":53}}],"line":7},"1":{"loc":{"start":{"line":10,"column":16},"end":{"line":10,"column":36}},"type":"cond-expr","locations":[{"start":{"line":10,"column":27},"end":{"line":10,"column":30}},{"start":{"line":10,"column":33},"end":{"line":10,"column":36}}],"line":10},"2":{"loc":{"start":{"line":20,"column":19},"end":{"line":20,"column":53}},"type":"binary-expr","locations":[{"start":{"line":20,"column":19},"end":{"line":20,"column":48}},{"start":{"line":20,"column":52},"end":{"line":20,"column":53}}],"line":20}},"s":{"0":0,"1":0,"2":0,"3":0,"4":0,"5":0,"6":0,"7":0,"8":0,"9":0},"f":{"0":0,"1":0},"b":{"0":[0,0],"1":[0,0],"2":[0,0]}}
,"C:\\Users\\julio.wong\\Desktop\\test-indra\\src\\adapters\\index.js": {"path":"C:\\Users\\julio.wong\\Desktop\\test-indra\\src\\adapters\\index.js","statementMap":{"0":{"start":{"line":1,"column":22},"end":{"line":1,"column":48}},"1":{"start":{"line":3,"column":0},"end":{"line":5,"column":1}}},"fnMap":{},"branchMap":{},"s":{"0":1,"1":1},"f":{},"b":{},"_coverageSchema":"1a1c01bbd47fc00a2c39e90264f33305004495a9","hash":"23d034bc023544eda4751fc41a34097639ff556b"}
,"C:\\Users\\julio.wong\\Desktop\\test-indra\\src\\adapters\\peopleAdapter.js": {"path":"C:\\Users\\julio.wong\\Desktop\\test-indra\\src\\adapters\\peopleAdapter.js","statementMap":{"0":{"start":{"line":1,"column":19},"end":{"line":1,"column":39}},"1":{"start":{"line":3,"column":0},"end":{"line":22,"column":1}},"2":{"start":{"line":4,"column":19},"end":{"line":4,"column":31}},"3":{"start":{"line":5,"column":4},"end":{"line":5,"column":46}},"4":{"start":{"line":6,"column":4},"end":{"line":6,"column":39}},"5":{"start":{"line":7,"column":4},"end":{"line":7,"column":36}},"6":{"start":{"line":8,"column":4},"end":{"line":8,"column":34}},"7":{"start":{"line":9,"column":4},"end":{"line":9,"column":44}},"8":{"start":{"line":10,"column":4},"end":{"line":10,"column":34}},"9":{"start":{"line":11,"column":4},"end":{"line":11,"column":41}},"10":{"start":{"line":12,"column":4},"end":{"line":12,"column":30}},"11":{"start":{"line":13,"column":4},"end":{"line":13,"column":32}},"12":{"start":{"line":14,"column":4},"end":{"line":14,"column":41}},"13":{"start":{"line":15,"column":4},"end":{"line":15,"column":42}},"14":{"start":{"line":16,"column":4},"end":{"line":16,"column":40}},"15":{"start":{"line":17,"column":4},"end":{"line":17,"column":37}},"16":{"start":{"line":18,"column":4},"end":{"line":18,"column":45}},"17":{"start":{"line":19,"column":4},"end":{"line":19,"column":28}},"18":{"start":{"line":20,"column":4},"end":{"line":20,"column":39}},"19":{"start":{"line":21,"column":4},"end":{"line":21,"column":18}}},"fnMap":{"0":{"name":"(anonymous_0)","decl":{"start":{"line":3,"column":17},"end":{"line":3,"column":18}},"loc":{"start":{"line":3,"column":29},"end":{"line":22,"column":1}},"line":3}},"branchMap":{},"s":{"0":1,"1":1,"2":1,"3":1,"4":1,"5":1,"6":1,"7":1,"8":1,"9":1,"10":1,"11":1,"12":1,"13":1,"14":1,"15":1,"16":1,"17":1,"18":1,"19":1},"f":{"0":1},"b":{},"_coverageSchema":"1a1c01bbd47fc00a2c39e90264f33305004495a9","hash":"7b2c4bdfdbaa0f6e2270ae991f735af401c0b419"}
,"C:\\Users\\julio.wong\\Desktop\\test-indra\\src\\core\\base.api.js": {"path":"C:\\Users\\julio.wong\\Desktop\\test-indra\\src\\core\\base.api.js","statementMap":{"0":{"start":{"line":1,"column":14},"end":{"line":1,"column":30}},"1":{"start":{"line":5,"column":4},"end":{"line":5,"column":18}},"2":{"start":{"line":9,"column":4},"end":{"line":9,"column":30}},"3":{"start":{"line":13,"column":4},"end":{"line":13,"column":34}},"4":{"start":{"line":17,"column":0},"end":{"line":17,"column":24}}},"fnMap":{"0":{"name":"(anonymous_0)","decl":{"start":{"line":4,"column":2},"end":{"line":4,"column":3}},"loc":{"start":{"line":4,"column":19},"end":{"line":6,"column":3}},"line":4},"1":{"name":"(anonymous_1)","decl":{"start":{"line":8,"column":2},"end":{"line":8,"column":3}},"loc":{"start":{"line":8,"column":14},"end":{"line":10,"column":3}},"line":8},"2":{"name":"(anonymous_2)","decl":{"start":{"line":12,"column":2},"end":{"line":12,"column":3}},"loc":{"start":{"line":12,"column":17},"end":{"line":14,"column":3}},"line":12}},"branchMap":{},"s":{"0":1,"1":1,"2":0,"3":1,"4":1},"f":{"0":1,"1":0,"2":1},"b":{},"_coverageSchema":"1a1c01bbd47fc00a2c39e90264f33305004495a9","hash":"329b6613e5f95abf4d395450e510d31a9c066ce7"}
,"C:\\Users\\julio.wong\\Desktop\\test-indra\\src\\models\\index.js": {"path":"C:\\Users\\julio.wong\\Desktop\\test-indra\\src\\models\\index.js","statementMap":{"0":{"start":{"line":1,"column":15},"end":{"line":1,"column":34}},"1":{"start":{"line":3,"column":0},"end":{"line":5,"column":1}}},"fnMap":{},"branchMap":{},"s":{"0":1,"1":1},"f":{},"b":{},"_coverageSchema":"1a1c01bbd47fc00a2c39e90264f33305004495a9","hash":"47771c86cf70d74f62b59f31a9edbc3788fdbd89"}
,"C:\\Users\\julio.wong\\Desktop\\test-indra\\src\\models\\people.js": {"path":"C:\\Users\\julio.wong\\Desktop\\test-indra\\src\\models\\people.js","statementMap":{"0":{"start":{"line":3,"column":8},"end":{"line":3,"column":35}},"1":{"start":{"line":4,"column":8},"end":{"line":4,"column":29}},"2":{"start":{"line":5,"column":8},"end":{"line":5,"column":28}},"3":{"start":{"line":6,"column":8},"end":{"line":6,"column":27}},"4":{"start":{"line":7,"column":8},"end":{"line":7,"column":33}},"5":{"start":{"line":8,"column":8},"end":{"line":8,"column":27}},"6":{"start":{"line":9,"column":8},"end":{"line":9,"column":31}},"7":{"start":{"line":10,"column":8},"end":{"line":10,"column":25}},"8":{"start":{"line":11,"column":8},"end":{"line":11,"column":27}},"9":{"start":{"line":12,"column":8},"end":{"line":12,"column":30}},"10":{"start":{"line":13,"column":8},"end":{"line":13,"column":34}},"11":{"start":{"line":14,"column":8},"end":{"line":14,"column":33}},"12":{"start":{"line":15,"column":8},"end":{"line":15,"column":27}},"13":{"start":{"line":16,"column":8},"end":{"line":16,"column":33}},"14":{"start":{"line":17,"column":8},"end":{"line":17,"column":24}},"15":{"start":{"line":18,"column":8},"end":{"line":18,"column":28}},"16":{"start":{"line":22,"column":0},"end":{"line":22,"column":24}}},"fnMap":{"0":{"name":"(anonymous_0)","decl":{"start":{"line":2,"column":4},"end":{"line":2,"column":5}},"loc":{"start":{"line":2,"column":18},"end":{"line":19,"column":5}},"line":2}},"branchMap":{},"s":{"0":1,"1":1,"2":1,"3":1,"4":1,"5":1,"6":1,"7":1,"8":1,"9":1,"10":1,"11":1,"12":1,"13":1,"14":1,"15":1,"16":1},"f":{"0":1},"b":{},"_coverageSchema":"1a1c01bbd47fc00a2c39e90264f33305004495a9","hash":"906e596345297508199be7483e845914f738e734"}
,"C:\\Users\\julio.wong\\Desktop\\test-indra\\src\\repositories\\index.js": {"path":"C:\\Users\\julio.wong\\Desktop\\test-indra\\src\\repositories\\index.js","statementMap":{"0":{"start":{"line":1,"column":25},"end":{"line":1,"column":54}},"1":{"start":{"line":3,"column":0},"end":{"line":5,"column":1}}},"fnMap":{},"branchMap":{},"s":{"0":1,"1":1},"f":{},"b":{},"_coverageSchema":"1a1c01bbd47fc00a2c39e90264f33305004495a9","hash":"c05b81180f9a9aabdcd8df84a97c598ee559469a"}
,"C:\\Users\\julio.wong\\Desktop\\test-indra\\src\\repositories\\peopleRepository.js": {"path":"C:\\Users\\julio.wong\\Desktop\\test-indra\\src\\repositories\\peopleRepository.js","statementMap":{"0":{"start":{"line":1,"column":12},"end":{"line":1,"column":30}},"1":{"start":{"line":2,"column":17},"end":{"line":4,"column":2}},"2":{"start":{"line":5,"column":17},"end":{"line":5,"column":42}},"3":{"start":{"line":10,"column":8},"end":{"line":10,"column":55}},"4":{"start":{"line":11,"column":8},"end":{"line":11,"column":33}},"5":{"start":{"line":12,"column":27},"end":{"line":12,"column":66}},"6":{"start":{"line":14,"column":21},"end":{"line":20,"column":9}},"7":{"start":{"line":22,"column":8},"end":{"line":22,"column":53}},"8":{"start":{"line":26,"column":29},"end":{"line":26,"column":54}},"9":{"start":{"line":27,"column":24},"end":{"line":27,"column":32}},"10":{"start":{"line":29,"column":23},"end":{"line":40,"column":9}},"11":{"start":{"line":42,"column":25},"end":{"line":42,"column":63}},"12":{"start":{"line":43,"column":29},"end":{"line":43,"column":81}},"13":{"start":{"line":44,"column":8},"end":{"line":44,"column":27}},"14":{"start":{"line":48,"column":0},"end":{"line":48,"column":33}}},"fnMap":{"0":{"name":"(anonymous_0)","decl":{"start":{"line":9,"column":4},"end":{"line":9,"column":5}},"loc":{"start":{"line":9,"column":26},"end":{"line":23,"column":5}},"line":9},"1":{"name":"(anonymous_1)","decl":{"start":{"line":25,"column":4},"end":{"line":25,"column":5}},"loc":{"start":{"line":25,"column":18},"end":{"line":45,"column":5}},"line":25}},"branchMap":{},"s":{"0":1,"1":1,"2":1,"3":0,"4":0,"5":0,"6":0,"7":0,"8":0,"9":0,"10":0,"11":0,"12":0,"13":0,"14":1},"f":{"0":0,"1":0},"b":{},"_coverageSchema":"1a1c01bbd47fc00a2c39e90264f33305004495a9","hash":"5aaea6ef4ee2c08bd7ad05f8eb2f58bf6c131162"}
,"C:\\Users\\julio.wong\\Desktop\\test-indra\\src\\services\\index.js": {"path":"C:\\Users\\julio.wong\\Desktop\\test-indra\\src\\services\\index.js","statementMap":{"0":{"start":{"line":1,"column":22},"end":{"line":1,"column":48}},"1":{"start":{"line":3,"column":0},"end":{"line":5,"column":1}}},"fnMap":{},"branchMap":{},"s":{"0":1,"1":1},"f":{},"b":{},"_coverageSchema":"1a1c01bbd47fc00a2c39e90264f33305004495a9","hash":"4eddc3835cbbf55e998c31bdd70e995227fb19b4"}
,"C:\\Users\\julio.wong\\Desktop\\test-indra\\src\\services\\peopleService.js": {"path":"C:\\Users\\julio.wong\\Desktop\\test-indra\\src\\services\\peopleService.js","statementMap":{"0":{"start":{"line":1,"column":16},"end":{"line":1,"column":43}},"1":{"start":{"line":2,"column":26},"end":{"line":2,"column":48}},"2":{"start":{"line":3,"column":29},"end":{"line":3,"column":55}},"3":{"start":{"line":4,"column":23},"end":{"line":4,"column":54}},"4":{"start":{"line":5,"column":19},"end":{"line":5,"column":41}},"5":{"start":{"line":10,"column":19},"end":{"line":10,"column":21}},"6":{"start":{"line":11,"column":8},"end":{"line":11,"column":57}},"7":{"start":{"line":12,"column":8},"end":{"line":16,"column":45}},"8":{"start":{"line":13,"column":29},"end":{"line":13,"column":45}},"9":{"start":{"line":14,"column":12},"end":{"line":15,"column":37}},"10":{"start":{"line":14,"column":38},"end":{"line":14,"column":50}},"11":{"start":{"line":15,"column":17},"end":{"line":15,"column":37}},"12":{"start":{"line":16,"column":26},"end":{"line":16,"column":44}},"13":{"start":{"line":18,"column":8},"end":{"line":18,"column":59}},"14":{"start":{"line":18,"column":47},"end":{"line":18,"column":59}},"15":{"start":{"line":19,"column":8},"end":{"line":22,"column":9}},"16":{"start":{"line":23,"column":8},"end":{"line":23,"column":19}},"17":{"start":{"line":27,"column":8},"end":{"line":27,"column":45}},"18":{"start":{"line":31,"column":0},"end":{"line":31,"column":30}}},"fnMap":{"0":{"name":"(anonymous_0)","decl":{"start":{"line":9,"column":4},"end":{"line":9,"column":5}},"loc":{"start":{"line":9,"column":35},"end":{"line":24,"column":5}},"line":9},"1":{"name":"(anonymous_1)","decl":{"start":{"line":26,"column":4},"end":{"line":26,"column":5}},"loc":{"start":{"line":26,"column":42},"end":{"line":28,"column":5}},"line":26}},"branchMap":{"0":{"loc":{"start":{"line":14,"column":12},"end":{"line":15,"column":37}},"type":"if","locations":[{"start":{"line":14,"column":12},"end":{"line":15,"column":37}},{"start":{"line":14,"column":12},"end":{"line":15,"column":37}}],"line":14},"1":{"loc":{"start":{"line":18,"column":8},"end":{"line":18,"column":59}},"type":"if","locations":[{"start":{"line":18,"column":8},"end":{"line":18,"column":59}},{"start":{"line":18,"column":8},"end":{"line":18,"column":59}}],"line":18}},"s":{"0":1,"1":1,"2":1,"3":1,"4":1,"5":1,"6":1,"7":1,"8":1,"9":1,"10":0,"11":1,"12":0,"13":1,"14":0,"15":1,"16":1,"17":1,"18":1},"f":{"0":1,"1":1},"b":{"0":[0,1],"1":[0,1]},"_coverageSchema":"1a1c01bbd47fc00a2c39e90264f33305004495a9","hash":"eabff2b566fc7b38249107a87629e72a19233c5b"}
}
